# JRE version: OpenJDK Runtime Environment (8.0_242-b01) (build 1.8.0_242-release-1644-b01)
# Java VM: OpenJDK 64-Bit Server VM (25.242-b01 mixed mode windows-amd64 compressed oops)
Heap:
 PSYoungGen      total 186880K, used 52328K [0x00000000d5580000, 0x00000000e4400000, 0x0000000100000000)
  eden space 168960K, 21% used [0x00000000d5580000,0x00000000d7967178,0x00000000dfa80000)
  from space 17920K, 86% used [0x00000000dfa80000,0x00000000e09b2ee8,0x00000000e0c00000)
  to   space 19456K, 0% used [0x00000000e3100000,0x00000000e3100000,0x00000000e4400000)
 ParOldGen       total 141312K, used 33858K [0x0000000080000000, 0x0000000088a00000, 0x00000000d5580000)
  object space 141312K, 23% used [0x0000000080000000,0x00000000821108d0,0x0000000088a00000)
 Metaspace       used 62594K, capacity 65648K, committed 65960K, reserved 1105920K
  class space    used 8646K, capacity 9266K, committed 9392K, reserved 1048576K
GC Heap History (10 events):
Event: 6.784 GC heap before
{Heap before GC invocations=12 (full 2):
 PSYoungGen      total 115712K, used 103936K [0x00000000d5580000, 0x00000000df780000, 0x0000000100000000)
  eden space 103936K, 100% used [0x00000000d5580000,0x00000000dbb00000,0x00000000dbb00000)
  from space 11776K, 0% used [0x00000000dbb00000,0x00000000dbb00000,0x00000000dc680000)
  to   space 11776K, 0% used [0x00000000dec00000,0x00000000dec00000,0x00000000df780000)
 ParOldGen       total 90624K, used 15318K [0x0000000080000000, 0x0000000085880000, 0x00000000d5580000)
  object space 90624K, 16% used [0x0000000080000000,0x0000000080ef5bf0,0x0000000085880000)
 Metaspace       used 43388K, capacity 44890K, committed 44968K, reserved 1087488K
  class space    used 5895K, capacity 6259K, committed 6320K, reserved 1048576K
Event: 6.797 GC heap after
Heap after GC invocations=12 (full 2):
 PSYoungGen      total 143872K, used 11764K [0x00000000d5580000, 0x00000000df780000, 0x0000000100000000)
  eden space 132096K, 0% used [0x00000000d5580000,0x00000000d5580000,0x00000000dd680000)
  from space 11776K, 99% used [0x00000000dec00000,0x00000000df77d398,0x00000000df780000)
  to   space 13312K, 0% used [0x00000000ddd80000,0x00000000ddd80000,0x00000000dea80000)
 ParOldGen       total 90624K, used 15903K [0x0000000080000000, 0x0000000085880000, 0x00000000d5580000)
  object space 90624K, 17% used [0x0000000080000000,0x0000000080f87e88,0x0000000085880000)
 Metaspace       used 43388K, capacity 44890K, committed 44968K, reserved 1087488K
  class space    used 5895K, capacity 6259K, committed 6320K, reserved 1048576K
}
Event: 8.338 GC heap before
{Heap before GC invocations=13 (full 2):
 PSYoungGen      total 143872K, used 143860K [0x00000000d5580000, 0x00000000df780000, 0x0000000100000000)
  eden space 132096K, 100% used [0x00000000d5580000,0x00000000dd680000,0x00000000dd680000)
  from space 11776K, 99% used [0x00000000dec00000,0x00000000df77d398,0x00000000df780000)
  to   space 13312K, 0% used [0x00000000ddd80000,0x00000000ddd80000,0x00000000dea80000)
 ParOldGen       total 90624K, used 15903K [0x0000000080000000, 0x0000000085880000, 0x00000000d5580000)
  object space 90624K, 17% used [0x0000000080000000,0x0000000080f87e88,0x0000000085880000)
 Metaspace       used 53478K, capacity 55386K, committed 55592K, reserved 1097728K
  class space    used 7262K, capacity 7698K, committed 7728K, reserved 1048576K
Event: 8.369 GC heap after
Heap after GC invocations=13 (full 2):
 PSYoungGen      total 152576K, used 13308K [0x00000000d5580000, 0x00000000e1d80000, 0x0000000100000000)
  eden space 139264K, 0% used [0x00000000d5580000,0x00000000d5580000,0x00000000ddd80000)
  from space 13312K, 99% used [0x00000000ddd80000,0x00000000dea7f090,0x00000000dea80000)
  to   space 17920K, 0% used [0x00000000e0c00000,0x00000000e0c00000,0x00000000e1d80000)
 ParOldGen       total 90624K, used 24751K [0x0000000080000000, 0x0000000085880000, 0x00000000d5580000)
  object space 90624K, 27% used [0x0000000080000000,0x000000008182bfd8,0x0000000085880000)
 Metaspace       used 53478K, capacity 55386K, committed 55592K, reserved 1097728K
  class space    used 7262K, capacity 7698K, committed 7728K, reserved 1048576K
}
Event: 9.086 GC heap before
{Heap before GC invocations=14 (full 2):
 PSYoungGen      total 152576K, used 75416K [0x00000000d5580000, 0x00000000e1d80000, 0x0000000100000000)
  eden space 139264K, 44% used [0x00000000d5580000,0x00000000d92270b0,0x00000000ddd80000)
  from space 13312K, 99% used [0x00000000ddd80000,0x00000000dea7f090,0x00000000dea80000)
  to   space 17920K, 0% used [0x00000000e0c00000,0x00000000e0c00000,0x00000000e1d80000)
 ParOldGen       total 90624K, used 24751K [0x0000000080000000, 0x0000000085880000, 0x00000000d5580000)
  object space 90624K, 27% used [0x0000000080000000,0x000000008182bfd8,0x0000000085880000)
 Metaspace       used 56953K, capacity 59058K, committed 59160K, reserved 1099776K
  class space    used 7835K, capacity 8325K, committed 8368K, reserved 1048576K
Event: 9.117 GC heap after
Heap after GC invocations=14 (full 2):
 PSYoungGen      total 186880K, used 6255K [0x00000000d5580000, 0x00000000e2c80000, 0x0000000100000000)
  eden space 168960K, 0% used [0x00000000d5580000,0x00000000d5580000,0x00000000dfa80000)
  from space 17920K, 34% used [0x00000000e0c00000,0x00000000e121beb0,0x00000000e1d80000)
  to   space 17920K, 0% used [0x00000000dfa80000,0x00000000dfa80000,0x00000000e0c00000)
 ParOldGen       total 90624K, used 34581K [0x0000000080000000, 0x0000000085880000, 0x00000000d5580000)
  object space 90624K, 38% used [0x0000000080000000,0x00000000821c57f0,0x0000000085880000)
 Metaspace       used 56953K, capacity 59058K, committed 59160K, reserved 1099776K
  class space    used 7835K, capacity 8325K, committed 8368K, reserved 1048576K
}
Event: 9.117 GC heap before
{Heap before GC invocations=15 (full 3):
 PSYoungGen      total 186880K, used 6255K [0x00000000d5580000, 0x00000000e2c80000, 0x0000000100000000)
  eden space 168960K, 0% used [0x00000000d5580000,0x00000000d5580000,0x00000000dfa80000)
  from space 17920K, 34% used [0x00000000e0c00000,0x00000000e121beb0,0x00000000e1d80000)
  to   space 17920K, 0% used [0x00000000dfa80000,0x00000000dfa80000,0x00000000e0c00000)
 ParOldGen       total 90624K, used 34581K [0x0000000080000000, 0x0000000085880000, 0x00000000d5580000)
  object space 90624K, 38% used [0x0000000080000000,0x00000000821c57f0,0x0000000085880000)
 Metaspace       used 56953K, capacity 59058K, committed 59160K, reserved 1099776K
  class space    used 7835K, capacity 8325K, committed 8368K, reserved 1048576K
Event: 9.404 GC heap after
Heap after GC invocations=15 (full 3):
 PSYoungGen      total 186880K, used 0K [0x00000000d5580000, 0x00000000e2c80000, 0x0000000100000000)
  eden space 168960K, 0% used [0x00000000d5580000,0x00000000d5580000,0x00000000dfa80000)
  from space 17920K, 0% used [0x00000000e0c00000,0x00000000e0c00000,0x00000000e1d80000)
  to   space 17920K, 0% used [0x00000000dfa80000,0x00000000dfa80000,0x00000000e0c00000)
 ParOldGen       total 141312K, used 33850K [0x0000000080000000, 0x0000000088a00000, 0x00000000d5580000)
  object space 141312K, 23% used [0x0000000080000000,0x000000008210e8d0,0x0000000088a00000)
 Metaspace       used 56945K, capacity 59028K, committed 59160K, reserved 1099776K
  class space    used 7833K, capacity 8320K, committed 8368K, reserved 1048576K
}
Event: 11.916 GC heap before
{Heap before GC invocations=16 (full 3):
 PSYoungGen      total 186880K, used 168960K [0x00000000d5580000, 0x00000000e2c80000, 0x0000000100000000)
  eden space 168960K, 100% used [0x00000000d5580000,0x00000000dfa80000,0x00000000dfa80000)
  from space 17920K, 0% used [0x00000000e0c00000,0x00000000e0c00000,0x00000000e1d80000)
  to   space 17920K, 0% used [0x00000000dfa80000,0x00000000dfa80000,0x00000000e0c00000)
 ParOldGen       total 141312K, used 33850K [0x0000000080000000, 0x0000000088a00000, 0x00000000d5580000)
  object space 141312K, 23% used [0x0000000080000000,0x000000008210e8d0,0x0000000088a00000)
 Metaspace       used 62056K, capacity 64918K, committed 65064K, reserved 1105920K
  class space    used 8567K, capacity 9167K, committed 9264K, reserved 1048576K
Event: 11.949 GC heap after
Heap after GC invocations=16 (full 3):
 PSYoungGen      total 186880K, used 15563K [0x00000000d5580000, 0x00000000e4400000, 0x0000000100000000)
  eden space 168960K, 0% used [0x00000000d5580000,0x00000000d5580000,0x00000000dfa80000)
  from space 17920K, 86% used [0x00000000dfa80000,0x00000000e09b2ee8,0x00000000e0c00000)
  to   space 19456K, 0% used [0x00000000e3100000,0x00000000e3100000,0x00000000e4400000)
 ParOldGen       total 141312K, used 33858K [0x0000000080000000, 0x0000000088a00000, 0x00000000d5580000)
  object space 141312K, 23% used [0x0000000080000000,0x00000000821108d0,0x0000000088a00000)
 Metaspace       used 62056K, capacity 64918K, committed 65064K, reserved 1105920K
  class space    used 8567K, capacity 9167K, committed 9264K, reserved 1048576K
}

