# JRE version: OpenJDK Runtime Environment (8.0_242-b01) (build 1.8.0_242-release-1644-b01)
# Java VM: OpenJDK 64-Bit Server VM (25.242-b01 mixed mode windows-amd64 compressed oops)
Heap:
 PSYoungGen      total 194048K, used 143023K [0x00000000d5580000, 0x00000000e4f80000, 0x0000000100000000)
  eden space 176128K, 71% used [0x00000000d5580000,0x00000000dcfb1c58,0x00000000e0180000)
  from space 17920K, 99% used [0x00000000e0180000,0x00000000e12fa0e0,0x00000000e1300000)
  to   space 20992K, 0% used [0x00000000e3b00000,0x00000000e3b00000,0x00000000e4f80000)
 ParOldGen       total 135680K, used 34611K [0x0000000080000000, 0x0000000088480000, 0x00000000d5580000)
  object space 135680K, 25% used [0x0000000080000000,0x00000000821ccca8,0x0000000088480000)
 Metaspace       used 67339K, capacity 70276K, committed 70576K, reserved 1110016K
  class space    used 9265K, capacity 9824K, committed 9904K, reserved 1048576K
GC Heap History (10 events):
Event: 7.285 GC heap before
{Heap before GC invocations=12 (full 2):
 PSYoungGen      total 116736K, used 104960K [0x00000000d5580000, 0x00000000dfa00000, 0x0000000100000000)
  eden space 104960K, 100% used [0x00000000d5580000,0x00000000dbc00000,0x00000000dbc00000)
  from space 11776K, 0% used [0x00000000dbc00000,0x00000000dbc00000,0x00000000dc780000)
  to   space 11776K, 0% used [0x00000000dee80000,0x00000000dee80000,0x00000000dfa00000)
 ParOldGen       total 86528K, used 15210K [0x0000000080000000, 0x0000000085480000, 0x00000000d5580000)
  object space 86528K, 17% used [0x0000000080000000,0x0000000080eda860,0x0000000085480000)
 Metaspace       used 43538K, capacity 45062K, committed 45232K, reserved 1087488K
  class space    used 5914K, capacity 6273K, committed 6320K, reserved 1048576K
Event: 7.299 GC heap after
Heap after GC invocations=12 (full 2):
 PSYoungGen      total 147968K, used 11764K [0x00000000d5580000, 0x00000000dfa00000, 0x0000000100000000)
  eden space 136192K, 0% used [0x00000000d5580000,0x00000000d5580000,0x00000000dda80000)
  from space 11776K, 99% used [0x00000000dee80000,0x00000000df9fd160,0x00000000dfa00000)
  to   space 13312K, 0% used [0x00000000de000000,0x00000000de000000,0x00000000ded00000)
 ParOldGen       total 86528K, used 15847K [0x0000000080000000, 0x0000000085480000, 0x00000000d5580000)
  object space 86528K, 18% used [0x0000000080000000,0x0000000080f79dd0,0x0000000085480000)
 Metaspace       used 43538K, capacity 45062K, committed 45232K, reserved 1087488K
  class space    used 5914K, capacity 6273K, committed 6320K, reserved 1048576K
}
Event: 9.256 GC heap before
{Heap before GC invocations=13 (full 2):
 PSYoungGen      total 147968K, used 147956K [0x00000000d5580000, 0x00000000dfa00000, 0x0000000100000000)
  eden space 136192K, 100% used [0x00000000d5580000,0x00000000dda80000,0x00000000dda80000)
  from space 11776K, 99% used [0x00000000dee80000,0x00000000df9fd160,0x00000000dfa00000)
  to   space 13312K, 0% used [0x00000000de000000,0x00000000de000000,0x00000000ded00000)
 ParOldGen       total 86528K, used 15847K [0x0000000080000000, 0x0000000085480000, 0x00000000d5580000)
  object space 86528K, 18% used [0x0000000080000000,0x0000000080f79dd0,0x0000000085480000)
 Metaspace       used 53645K, capacity 55528K, committed 55600K, reserved 1097728K
  class space    used 7290K, capacity 7723K, committed 7728K, reserved 1048576K
Event: 9.284 GC heap after
Heap after GC invocations=13 (full 2):
 PSYoungGen      total 155136K, used 13281K [0x00000000d5580000, 0x00000000e2500000, 0x0000000100000000)
  eden space 141824K, 0% used [0x00000000d5580000,0x00000000d5580000,0x00000000de000000)
  from space 13312K, 99% used [0x00000000de000000,0x00000000decf8590,0x00000000ded00000)
  to   space 18432K, 0% used [0x00000000e1300000,0x00000000e1300000,0x00000000e2500000)
 ParOldGen       total 86528K, used 25378K [0x0000000080000000, 0x0000000085480000, 0x00000000d5580000)
  object space 86528K, 29% used [0x0000000080000000,0x00000000818c8bd8,0x0000000085480000)
 Metaspace       used 53645K, capacity 55528K, committed 55600K, reserved 1097728K
  class space    used 7290K, capacity 7723K, committed 7728K, reserved 1048576K
}
Event: 10.079 GC heap before
{Heap before GC invocations=14 (full 2):
 PSYoungGen      total 155136K, used 71061K [0x00000000d5580000, 0x00000000e2500000, 0x0000000100000000)
  eden space 141824K, 40% used [0x00000000d5580000,0x00000000d8ded028,0x00000000de000000)
  from space 13312K, 99% used [0x00000000de000000,0x00000000decf8590,0x00000000ded00000)
  to   space 18432K, 0% used [0x00000000e1300000,0x00000000e1300000,0x00000000e2500000)
 ParOldGen       total 86528K, used 25378K [0x0000000080000000, 0x0000000085480000, 0x00000000d5580000)
  object space 86528K, 29% used [0x0000000080000000,0x00000000818c8bd8,0x0000000085480000)
 Metaspace       used 57019K, capacity 59094K, committed 59160K, reserved 1099776K
  class space    used 7845K, capacity 8337K, committed 8368K, reserved 1048576K
Event: 10.103 GC heap after
Heap after GC invocations=14 (full 2):
 PSYoungGen      total 194560K, used 5625K [0x00000000d5580000, 0x00000000e2f00000, 0x0000000100000000)
  eden space 176128K, 0% used [0x00000000d5580000,0x00000000d5580000,0x00000000e0180000)
  from space 18432K, 30% used [0x00000000e1300000,0x00000000e187e6a0,0x00000000e2500000)
  to   space 17920K, 0% used [0x00000000e0180000,0x00000000e0180000,0x00000000e1300000)
 ParOldGen       total 86528K, used 35780K [0x0000000080000000, 0x0000000085480000, 0x00000000d5580000)
  object space 86528K, 41% used [0x0000000080000000,0x00000000822f13b0,0x0000000085480000)
 Metaspace       used 57019K, capacity 59094K, committed 59160K, reserved 1099776K
  class space    used 7845K, capacity 8337K, committed 8368K, reserved 1048576K
}
Event: 10.103 GC heap before
{Heap before GC invocations=15 (full 3):
 PSYoungGen      total 194560K, used 5625K [0x00000000d5580000, 0x00000000e2f00000, 0x0000000100000000)
  eden space 176128K, 0% used [0x00000000d5580000,0x00000000d5580000,0x00000000e0180000)
  from space 18432K, 30% used [0x00000000e1300000,0x00000000e187e6a0,0x00000000e2500000)
  to   space 17920K, 0% used [0x00000000e0180000,0x00000000e0180000,0x00000000e1300000)
 ParOldGen       total 86528K, used 35780K [0x0000000080000000, 0x0000000085480000, 0x00000000d5580000)
  object space 86528K, 41% used [0x0000000080000000,0x00000000822f13b0,0x0000000085480000)
 Metaspace       used 57019K, capacity 59094K, committed 59160K, reserved 1099776K
  class space    used 7845K, capacity 8337K, committed 8368K, reserved 1048576K
Event: 10.368 GC heap after
Heap after GC invocations=15 (full 3):
 PSYoungGen      total 194560K, used 0K [0x00000000d5580000, 0x00000000e2f00000, 0x0000000100000000)
  eden space 176128K, 0% used [0x00000000d5580000,0x00000000d5580000,0x00000000e0180000)
  from space 18432K, 0% used [0x00000000e1300000,0x00000000e1300000,0x00000000e2500000)
  to   space 17920K, 0% used [0x00000000e0180000,0x00000000e0180000,0x00000000e1300000)
 ParOldGen       total 135680K, used 33785K [0x0000000080000000, 0x0000000088480000, 0x00000000d5580000)
  object space 135680K, 24% used [0x0000000080000000,0x00000000820fe4b0,0x0000000088480000)
 Metaspace       used 57005K, capacity 59046K, committed 59160K, reserved 1099776K
  class space    used 7841K, capacity 8329K, committed 8368K, reserved 1048576K
}
Event: 14.014 GC heap before
{Heap before GC invocations=16 (full 3):
 PSYoungGen      total 194560K, used 176128K [0x00000000d5580000, 0x00000000e2f00000, 0x0000000100000000)
  eden space 176128K, 100% used [0x00000000d5580000,0x00000000e0180000,0x00000000e0180000)
  from space 18432K, 0% used [0x00000000e1300000,0x00000000e1300000,0x00000000e2500000)
  to   space 17920K, 0% used [0x00000000e0180000,0x00000000e0180000,0x00000000e1300000)
 ParOldGen       total 135680K, used 33785K [0x0000000080000000, 0x0000000088480000, 0x00000000d5580000)
  object space 135680K, 24% used [0x0000000080000000,0x00000000820fe4b0,0x0000000088480000)
 Metaspace       used 65341K, capacity 68086K, committed 68272K, reserved 1107968K
  class space    used 8956K, capacity 9543K, committed 9648K, reserved 1048576K
Event: 14.043 GC heap after
Heap after GC invocations=16 (full 3):
 PSYoungGen      total 194048K, used 17896K [0x00000000d5580000, 0x00000000e4f80000, 0x0000000100000000)
  eden space 176128K, 0% used [0x00000000d5580000,0x00000000d5580000,0x00000000e0180000)
  from space 17920K, 99% used [0x00000000e0180000,0x00000000e12fa0e0,0x00000000e1300000)
  to   space 20992K, 0% used [0x00000000e3b00000,0x00000000e3b00000,0x00000000e4f80000)
 ParOldGen       total 135680K, used 34611K [0x0000000080000000, 0x0000000088480000, 0x00000000d5580000)
  object space 135680K, 25% used [0x0000000080000000,0x00000000821ccca8,0x0000000088480000)
 Metaspace       used 65341K, capacity 68086K, committed 68272K, reserved 1107968K
  class space    used 8956K, capacity 9543K, committed 9648K, reserved 1048576K
}

